<?xml version="1.0" encoding="UTF-8"?>
<!-- Generated by org.testng.reporters.JUnitReportReporter -->
<testsuite hostname="DESKTOP-KV1TCAF" failures="0" tests="1" name="jenkins.Jenkins" time="3.102" errors="0" timestamp="2022-08-07T08:07:40 CDT" skipped="0">
  <testcase classname="jenkins.Jenkins" name="init" time="3.102"/>
  <system-out/>
</testsuite> <!-- jenkins.Jenkins -->
